This is XeTeX, Version 3.14159265-2.6-0.99992 (TeX Live 2015) (preloaded format=xelatex 2015.5.24)  18 JAN 2023 10:56
entering extended mode
 restricted \write18 enabled.
 %&-line parsing enabled.
**contributed.tex
(./contributed.tex
LaTeX2e <2015/01/01>
Babel <3.9l> and hyphenation patterns for 79 languages loaded.
(/usr/local/texlive/2015/texmf-dist/tex/latex/base/article.cls
Document Class: article 2014/09/29 v1.4h Standard LaTeX document class
(/usr/local/texlive/2015/texmf-dist/tex/latex/base/size12.clo
File: size12.clo 2014/09/29 v1.4h Standard LaTeX file (size option)
)
\c@part=\count79
\c@section=\count80
\c@subsection=\count81
\c@subsubsection=\count82
\c@paragraph=\count83
\c@subparagraph=\count84
\c@figure=\count85
\c@table=\count86
\abovecaptionskip=\skip41
\belowcaptionskip=\skip42
\bibindent=\dimen102
)
(/usr/local/texlive/2015/texmf-dist/tex/xelatex/mathspec/mathspec.sty
Package: mathspec 2009/09/30 v0.2 LaTeX Package (Mathematics font selection for
 XeLaTeX)

(/usr/local/texlive/2015/texmf-dist/tex/latex/etoolbox/etoolbox.sty
Package: etoolbox 2015/05/04 v2.2 e-TeX tools for LaTeX (JAW)
\etb@tempcnta=\count87
)
(/usr/local/texlive/2015/texmf-dist/tex/latex/amsmath/amstext.sty
Package: amstext 2000/06/29 v2.01

(/usr/local/texlive/2015/texmf-dist/tex/latex/amsmath/amsgen.sty
File: amsgen.sty 1999/11/30 v2.0
\@emptytoks=\toks14
\ex@=\dimen103
))
(/usr/local/texlive/2015/texmf-dist/tex/generic/ifxetex/ifxetex.sty
Package: ifxetex 2010/09/12 v0.6 Provides ifxetex conditional
)
(/usr/local/texlive/2015/texmf-dist/tex/latex/fontspec/fontspec.sty
Package: fontspec 2015/03/14 v2.4c Font selection for XeLaTeX and LuaLaTeX

(/usr/local/texlive/2015/texmf-dist/tex/latex/l3kernel/expl3.sty
Package: expl3 2015/03/01 v5547 L3 programming layer (loader) 

(/usr/local/texlive/2015/texmf-dist/tex/latex/l3kernel/expl3-code.tex
Package: expl3 2015/03/01 v5547 L3 programming layer (code) 
L3 Module: l3bootstrap 2015/02/28 v5542 L3 Bootstrap code
L3 Module: l3names 2015/02/24 v5535 L3 Namespace for primitives
L3 Module: l3basics 2015/01/27 v5500 L3 Basic definitions
L3 Module: l3expan 2014/11/27 v5472 L3 Argument expansion
L3 Module: l3tl 2015/01/27 v5500 L3 Token lists
L3 Module: l3str 2015/03/01 v5545 L3 Strings
L3 Module: l3seq 2014/08/23 v5354 L3 Sequences and stacks
L3 Module: l3int 2015/02/21 v5529 L3 Integers
\c_max_int=\count88
\l_tmpa_int=\count89
\l_tmpb_int=\count90
\g_tmpa_int=\count91
\g_tmpb_int=\count92
L3 Module: l3quark 2014/08/23 v5354 L3 Quarks
L3 Module: l3prg 2014/08/23 v5354 L3 Control structures
\g__prg_map_int=\count93
L3 Module: l3clist 2014/08/23 v5354 L3 Comma separated lists
L3 Module: l3token 2014/09/15 v5422 L3 Experimental token manipulation
L3 Module: l3prop 2014/08/23 v5354 L3 Property lists
L3 Module: l3msg 2015/02/26 v5537 L3 Messages
L3 Module: l3file 2014/08/24 v5369 L3 File and I/O operations
\l_iow_line_count_int=\count94
\l__iow_target_count_int=\count95
\l__iow_current_line_int=\count96
\l__iow_current_word_int=\count97
\l__iow_current_indentation_int=\count98
L3 Module: l3skip 2014/08/23 v5354 L3 Dimensions and skips
\c_zero_dim=\dimen104
\c_max_dim=\dimen105
\l_tmpa_dim=\dimen106
\l_tmpb_dim=\dimen107
\g_tmpa_dim=\dimen108
\g_tmpb_dim=\dimen109
\c_zero_skip=\skip43
\c_max_skip=\skip44
\l_tmpa_skip=\skip45
\l_tmpb_skip=\skip46
\g_tmpa_skip=\skip47
\g_tmpb_skip=\skip48
\c_zero_muskip=\muskip10
\c_max_muskip=\muskip11
\l_tmpa_muskip=\muskip12
\l_tmpb_muskip=\muskip13
\g_tmpa_muskip=\muskip14
\g_tmpb_muskip=\muskip15
L3 Module: l3keys 2015/01/27 v5500 L3 Key-value interfaces
\g__keyval_level_int=\count99
\l_keys_choice_int=\count100
L3 Module: l3fp 2014/08/22 v5336 L3 Floating points
\c__fp_leading_shift_int=\count101
\c__fp_middle_shift_int=\count102
\c__fp_trailing_shift_int=\count103
\c__fp_big_leading_shift_int=\count104
\c__fp_big_middle_shift_int=\count105
\c__fp_big_trailing_shift_int=\count106
\c__fp_Bigg_leading_shift_int=\count107
\c__fp_Bigg_middle_shift_int=\count108
\c__fp_Bigg_trailing_shift_int=\count109
L3 Module: l3box 2014/08/23 v5354 L3 Experimental boxes
\c_empty_box=\box26
\l_tmpa_box=\box27
\l_tmpb_box=\box28
\g_tmpa_box=\box29
\g_tmpb_box=\box30
L3 Module: l3coffins 2014/08/23 v5354 L3 Coffin code layer
\l__coffin_internal_box=\box31
\l__coffin_internal_dim=\dimen110
\l__coffin_offset_x_dim=\dimen111
\l__coffin_offset_y_dim=\dimen112
\l__coffin_x_dim=\dimen113
\l__coffin_y_dim=\dimen114
\l__coffin_x_prime_dim=\dimen115
\l__coffin_y_prime_dim=\dimen116
\c_empty_coffin=\box32
\l__coffin_aligned_coffin=\box33
\l__coffin_aligned_internal_coffin=\box34
\l_tmpa_coffin=\box35
\l_tmpb_coffin=\box36
\l__coffin_display_coffin=\box37
\l__coffin_display_coord_coffin=\box38
\l__coffin_display_pole_coffin=\box39
\l__coffin_display_offset_dim=\dimen117
\l__coffin_display_x_dim=\dimen118
\l__coffin_display_y_dim=\dimen119
L3 Module: l3color 2014/08/23 v5354 L3 Experimental color support
L3 Module: l3candidates 2015/03/01 v5544 L3 Experimental additions to l3kernel
\l__box_top_dim=\dimen120
\l__box_bottom_dim=\dimen121
\l__box_left_dim=\dimen122
\l__box_right_dim=\dimen123
\l__box_top_new_dim=\dimen124
\l__box_bottom_new_dim=\dimen125
\l__box_left_new_dim=\dimen126
\l__box_right_new_dim=\dimen127
\l__box_internal_box=\box40
\l__coffin_bounding_shift_dim=\dimen128
\l__coffin_left_corner_dim=\dimen129
\l__coffin_right_corner_dim=\dimen130
\l__coffin_bottom_corner_dim=\dimen131
\l__coffin_top_corner_dim=\dimen132
\l__coffin_scaled_total_height_dim=\dimen133
\l__coffin_scaled_width_dim=\dimen134
)
(/usr/local/texlive/2015/texmf-dist/tex/latex/l3kernel/l3unicode-data.def
File: l3unicode-data.def 2015/03/01 v5544 L3 Unicode data
)
(/usr/local/texlive/2015/texmf-dist/tex/latex/l3kernel/l3xdvipdfmx.def
File: l3xdvidpfmx.def 2015/03/01 v5544 L3 Experimental driver: xdvipdfmx
))
(/usr/local/texlive/2015/texmf-dist/tex/latex/l3packages/xparse/xparse.sty
Package: xparse 2014/11/25 v5471 L3 Experimental document command parser
\l__xparse_current_arg_int=\count110
\l__xparse_m_args_int=\count111
\l__xparse_mandatory_args_int=\count112
\l__xparse_processor_int=\count113
\l__xparse_v_nesting_int=\count114
)
\l_fontspec_script_int=\count115
\l_fontspec_language_int=\count116
\l_fontspec_strnum_int=\count117
\l__fontspec_tmpa_dim=\dimen135
\l__fontspec_tmpb_dim=\dimen136
\l__fontspec_tmpc_dim=\dimen137
Variant \tl_gset:cV already defined; not changing it on line 71

(/usr/local/texlive/2015/texmf-dist/tex/latex/fontspec/fontspec-patches.sty
Package: fontspec-patches 2015/03/14 v2.4c Font selection for XeLaTeX and LuaLa
TeX
LaTeX Info: Redefining \em on input line 49.
LaTeX Info: Redefining \emph on input line 57.
LaTeX Info: Redefining \- on input line 60.
.................................................
. LaTeX info: "xparse/redefine-command"
. 
. Redefining command \oldstylenums with sig. 'm' on line 155.
.................................................
.................................................
. LaTeX info: "xparse/define-command"
. 
. Defining command \liningnums with sig. 'm' on line 159.
.................................................
)
(/usr/local/texlive/2015/texmf-dist/tex/latex/fontspec/fontspec-xetex.sty
Package: fontspec-xetex 2015/03/14 v2.4c Font selection for XeLaTeX and LuaLaTe
X

(/usr/local/texlive/2015/texmf-dist/tex/latex/base/fontenc.sty
Package: fontenc 2005/09/27 v1.99g Standard LaTeX package

(/usr/local/texlive/2015/texmf-dist/tex/latex/euenc/eu1enc.def
File: eu1enc.def 2010/05/27 v0.1h Experimental Unicode font encodings
)
LaTeX Font Info:    Try loading font information for EU1+lmr on input line 105.


(/usr/local/texlive/2015/texmf-dist/tex/latex/euenc/eu1lmr.fd
File: eu1lmr.fd 2009/10/30 v1.6 Font defs for Latin Modern
))
(/usr/local/texlive/2015/texmf-dist/tex/xelatex/xunicode/xunicode.sty
File: xunicode.sty 2011/09/09 v0.981 provides access to latin accents and many 
other characters in Unicode lower plane

(/usr/local/texlive/2015/texmf-dist/tex/latex/tipa/t3enc.def
File: t3enc.def 2001/12/31 T3 encoding
LaTeX Font Info:    Try loading font information for EU1+lmss on input line 357
.

(/usr/local/texlive/2015/texmf-dist/tex/latex/euenc/eu1lmss.fd
File: eu1lmss.fd 2009/10/30 v1.6 Font defs for Latin Modern
))
\tipaTiiicode=\count118
\tipasavetokens=\toks15
\tipachecktokens=\toks16

(/usr/local/texlive/2015/texmf-dist/tex/latex/graphics/graphicx.sty
Package: graphicx 2014/10/28 v1.0g Enhanced LaTeX Graphics (DPC,SPQR)

(/usr/local/texlive/2015/texmf-dist/tex/latex/graphics/keyval.sty
Package: keyval 2014/10/28 v1.15 key=value parser (DPC)
\KV@toks@=\toks17
)
(/usr/local/texlive/2015/texmf-dist/tex/latex/graphics/graphics.sty
Package: graphics 2014/10/28 v1.0p Standard LaTeX Graphics (DPC,SPQR)

(/usr/local/texlive/2015/texmf-dist/tex/latex/graphics/trig.sty
Package: trig 1999/03/16 v1.09 sin cos tan (DPC)
)
(/usr/local/texlive/2015/texmf-dist/tex/latex/latexconfig/graphics.cfg
File: graphics.cfg 2010/04/23 v1.9 graphics configuration of TeX Live
)
Package graphics Info: Driver file: xetex.def on input line 94.

(/usr/local/texlive/2015/texmf-dist/tex/xelatex/xetex-def/xetex.def
File: xetex.def 2015/03/25 v4.04 LaTeX color/graphics driver for XeTeX (TeX Liv
e/RRM/JK)
))
\Gin@req@height=\dimen138
\Gin@req@width=\dimen139
))
.................................................
. LaTeX info: "xparse/define-command"
. 
. Defining command \__fontspec_post_arg:w with sig. 'mmO{}' on line 42.
.................................................
.................................................
. LaTeX info: "xparse/define-command"
. 
. Defining command \fontspec with sig. 'om' on line 44.
.................................................
.................................................
. LaTeX info: "xparse/define-command"
. 
. Defining command \setmainfont with sig. 'om' on line 54.
.................................................
.................................................
. LaTeX info: "xparse/define-command"
. 
. Defining command \setsansfont with sig. 'om' on line 64.
.................................................
.................................................
. LaTeX info: "xparse/define-command"
. 
. Defining command \setmonofont with sig. 'om' on line 74.
.................................................
.................................................
. LaTeX info: "xparse/define-command"
. 
. Defining command \setmathrm with sig. 'om' on line 88.
.................................................
.................................................
. LaTeX info: "xparse/define-command"
. 
. Defining command \setboldmathrm with sig. 'om' on line 96.
.................................................
.................................................
. LaTeX info: "xparse/define-command"
. 
. Defining command \setmathsf with sig. 'om' on line 104.
.................................................
.................................................
. LaTeX info: "xparse/define-command"
. 
. Defining command \setmathtt with sig. 'om' on line 112.
.................................................
.................................................
. LaTeX info: "xparse/define-command"
. 
. Defining command \newfontfamily with sig. 'mom' on line 126.
.................................................
.................................................
. LaTeX info: "xparse/define-command"
. 
. Defining command \newfontface with sig. 'mom' on line 141.
.................................................
.................................................
. LaTeX info: "xparse/define-command"
. 
. Defining command \defaultfontfeatures with sig. 't+om' on line 155.
.................................................
.................................................
. LaTeX info: "xparse/define-command"
. 
. Defining command \addfontfeatures with sig. 'm' on line 210.
.................................................
.................................................
. LaTeX info: "xparse/define-command"
. 
. Defining command \newfontfeature with sig. 'mm' on line 221.
.................................................
.................................................
. LaTeX info: "xparse/define-command"
. 
. Defining command \newAATfeature with sig. 'mmmm' on line 229.
.................................................
.................................................
. LaTeX info: "xparse/define-command"
. 
. Defining command \newopentypefeature with sig. 'mmm' on line 237.
.................................................
.................................................
. LaTeX info: "xparse/define-command"
. 
. Defining command \aliasfontfeature with sig. 'mm' on line 261.
.................................................
.................................................
. LaTeX info: "xparse/define-command"
. 
. Defining command \aliasfontfeatureoption with sig. 'mmm' on line 270.
.................................................
.................................................
. LaTeX info: "xparse/define-command"
. 
. Defining command \newfontscript with sig. 'mm' on line 275.
.................................................
.................................................
. LaTeX info: "xparse/define-command"
. 
. Defining command \newfontlanguage with sig. 'mm' on line 301.
.................................................
.................................................
. LaTeX info: "xparse/define-command"
. 
. Defining command \DeclareFontsExtensions with sig. 'm' on line 321.
.................................................
Variant \prop_gput:cnV already defined; not changing it on line 704
Variant \prop_gput:cnx already defined; not changing it on line 705
\l__fontspec_tmp_int=\count119
LaTeX Info: Redefining \itshape on input line 2232.
LaTeX Info: Redefining \slshape on input line 2237.
LaTeX Info: Redefining \scshape on input line 2242.
LaTeX Info: Redefining \upshape on input line 2247.

(/usr/local/texlive/2015/texmf-dist/tex/latex/fontspec/fontspec.cfg)))
(/usr/local/texlive/2015/texmf-dist/tex/latex/xkeyval/xkeyval.sty
Package: xkeyval 2014/12/03 v2.7a package option processing (HA)

(/usr/local/texlive/2015/texmf-dist/tex/generic/xkeyval/xkeyval.tex
(/usr/local/texlive/2015/texmf-dist/tex/generic/xkeyval/xkvutils.tex
\XKV@toks=\toks18
\XKV@tempa@toks=\toks19
)
\XKV@depth=\count120
File: xkeyval.tex 2014/12/03 v2.7a key=value parser (HA)
))
\c@eu@=\count121
\c@eu@i=\count122
\c@mkern=\count123
)
(/usr/local/texlive/2015/texmf-dist/tex/latex/xcolor/xcolor.sty
Package: xcolor 2007/01/21 v2.11 LaTeX color extensions (UK)

(/usr/local/texlive/2015/texmf-dist/tex/latex/latexconfig/color.cfg
File: color.cfg 2007/01/18 v1.5 color configuration of teTeX/TeXLive
)
Package xcolor Info: Driver file: xetex.def on input line 225.
Package xcolor Info: Model `cmy' substituted by `cmy0' on input line 1337.
Package xcolor Info: Model `RGB' extended on input line 1353.
Package xcolor Info: Model `HTML' substituted by `rgb' on input line 1355.
Package xcolor Info: Model `Hsb' substituted by `hsb' on input line 1356.
Package xcolor Info: Model `tHsb' substituted by `hsb' on input line 1357.
Package xcolor Info: Model `HSB' substituted by `hsb' on input line 1358.
Package xcolor Info: Model `Gray' substituted by `gray' on input line 1359.
Package xcolor Info: Model `wave' substituted by `hsb' on input line 1360.
)
(/usr/local/texlive/2015/texmf-dist/tex/latex/xifthen/xifthen.sty
Package: xifthen 2009/04/17 v1.3 Extended ifthen features

(/usr/local/texlive/2015/texmf-dist/tex/latex/etex-pkg/etex.sty
Package: etex 2015/03/02 v2.1 eTeX basic definition package (PEB,DPC)
\et@xins=\count124
)
(/usr/local/texlive/2015/texmf-dist/tex/latex/tools/calc.sty
Package: calc 2014/10/28 v4.3 Infix arithmetic (KKT,FJ)
\calc@Acount=\count125
\calc@Bcount=\count126
\calc@Adimen=\dimen140
\calc@Bdimen=\dimen141
\calc@Askip=\skip49
\calc@Bskip=\skip50
LaTeX Info: Redefining \setlength on input line 80.
LaTeX Info: Redefining \addtolength on input line 81.
\calc@Ccount=\count127
\calc@Cskip=\skip51
)
(/usr/local/texlive/2015/texmf-dist/tex/latex/base/ifthen.sty
Package: ifthen 2014/09/29 v1.1c Standard LaTeX ifthen package (DPC)
)
(/usr/local/texlive/2015/texmf-dist/tex/latex/ifmtarg/ifmtarg.sty
Package: ifmtarg 2009/09/02 v1.2a check for an empty argument
))
(/usr/local/texlive/2015/texmf-dist/tex/latex/xltxtra/xltxtra.sty
Package: xltxtra 2010/09/20 v0.5e Improvements for the "XeLaTeX" format

(/usr/local/texlive/2015/texmf-dist/tex/generic/oberdiek/ifluatex.sty
Package: ifluatex 2010/03/01 v1.3 Provides the ifluatex switch (HO)
Package ifluatex Info: LuaTeX not detected.
)
(/usr/local/texlive/2015/texmf-dist/tex/latex/realscripts/realscripts.sty
Package: realscripts 2013/03/18 v0.3c Access OpenType subscripts and superscrip
ts
.................................................
. LaTeX info: "xparse/define-command"
. 
. Defining command \fakesubscript with sig. 'm' on line 19.
.................................................
.................................................
. LaTeX info: "xparse/define-command"
. 
. Defining command \fakesuperscript with sig. 'm' on line 22.
.................................................
.................................................
. LaTeX info: "xparse/redefine-command"
. 
. Redefining command \textsubscript with sig. 's' on line 25.
.................................................
.................................................
. LaTeX info: "xparse/redefine-command"
. 
. Redefining command \textsuperscript with sig. 's' on line 28.
.................................................
.................................................
. LaTeX info: "xparse/define-command"
. 
. Defining command \realsubscript with sig. 'm' on line 45.
.................................................
.................................................
. LaTeX info: "xparse/define-command"
. 
. Defining command \realsuperscript with sig. 'm' on line 60.
.................................................
.................................................
. LaTeX info: "xparse/define-command"
. 
. Defining command \textsubsuperscript with sig. 'sO{l}mm' on line 138.
.................................................
.................................................
. LaTeX info: "xparse/define-command"
. 
. Defining command \textsupersubscript with sig. 'sO{l}mm' on line 143.
.................................................
\subsupersep=\dimen142
)
(/usr/local/texlive/2015/texmf-dist/tex/latex/metalogo/metalogo.sty
Package: metalogo 2010/05/29 v0.12 Extended TeX logo macros
\xl@everylogo=\toks20
\xl@@everylogo=\toks21
LaTeX Info: Redefining \TeX on input line 193.
LaTeX Info: Redefining \LaTeX on input line 202.
LaTeX Info: Redefining \LaTeXe on input line 219.
)
\xxt@tempbox=\box41
)
(/usr/local/texlive/2015/texmf-dist/tex/latex/hyperref/hyperref.sty
Package: hyperref 2012/11/06 v6.83m Hypertext links for LaTeX

(/usr/local/texlive/2015/texmf-dist/tex/generic/oberdiek/hobsub-hyperref.sty
Package: hobsub-hyperref 2012/05/28 v1.13 Bundle oberdiek, subset hyperref (HO)


(/usr/local/texlive/2015/texmf-dist/tex/generic/oberdiek/hobsub-generic.sty
Package: hobsub-generic 2012/05/28 v1.13 Bundle oberdiek, subset generic (HO)
Package: hobsub 2012/05/28 v1.13 Construct package bundles (HO)
Package: infwarerr 2010/04/08 v1.3 Providing info/warning/error messages (HO)
Package: ltxcmds 2011/11/09 v1.22 LaTeX kernel commands for general use (HO)
Package hobsub Info: Skipping package `ifluatex' (already loaded).
Package: ifvtex 2010/03/01 v1.5 Detect VTeX and its facilities (HO)
Package ifvtex Info: VTeX not detected.
Package: intcalc 2007/09/27 v1.1 Expandable calculations with integers (HO)
Package: ifpdf 2011/01/30 v2.3 Provides the ifpdf switch (HO)
Package ifpdf Info: pdfTeX in PDF mode is not detected.
Package: etexcmds 2011/02/16 v1.5 Avoid name clashes with e-TeX commands (HO)
Package etexcmds Info: Could not find \expanded.
(etexcmds)             That can mean that you are not using pdfTeX 1.50 or
(etexcmds)             that some package has redefined \expanded.
(etexcmds)             In the latter case, load this package earlier.
Package: kvsetkeys 2012/04/25 v1.16 Key value parser (HO)
Package: kvdefinekeys 2011/04/07 v1.3 Define keys (HO)
Package: pdftexcmds 2011/11/29 v0.20 Utility functions of pdfTeX for LuaTeX (HO
)
Package pdftexcmds Info: LuaTeX not detected.
Package pdftexcmds Info: pdfTeX >= 1.30 not detected.
Package pdftexcmds Info: \pdf@primitive is available.
Package pdftexcmds Info: \pdf@ifprimitive is available.
Package pdftexcmds Info: \pdfdraftmode not found.
Package: pdfescape 2011/11/25 v1.13 Implements pdfTeX's escape features (HO)
Package: bigintcalc 2012/04/08 v1.3 Expandable calculations on big integers (HO
)
Package: bitset 2011/01/30 v1.1 Handle bit-vector datatype (HO)
Package: uniquecounter 2011/01/30 v1.2 Provide unlimited unique counter (HO)
)
Package hobsub Info: Skipping package `hobsub' (already loaded).
Package: letltxmacro 2010/09/02 v1.4 Let assignment for LaTeX macros (HO)
Package: hopatch 2012/05/28 v1.2 Wrapper for package hooks (HO)
Package: xcolor-patch 2011/01/30 xcolor patch
Package: atveryend 2011/06/30 v1.8 Hooks at the very end of document (HO)
Package: atbegshi 2011/10/05 v1.16 At begin shipout hook (HO)
Package: refcount 2011/10/16 v3.4 Data extraction from label references (HO)
Package: hycolor 2011/01/30 v1.7 Color options for hyperref/bookmark (HO)
)
(/usr/local/texlive/2015/texmf-dist/tex/latex/oberdiek/auxhook.sty
Package: auxhook 2011/03/04 v1.3 Hooks for auxiliary files (HO)
)
(/usr/local/texlive/2015/texmf-dist/tex/latex/oberdiek/kvoptions.sty
Package: kvoptions 2011/06/30 v3.11 Key value format for package options (HO)
)
\@linkdim=\dimen143
\Hy@linkcounter=\count128
\Hy@pagecounter=\count129

(/usr/local/texlive/2015/texmf-dist/tex/latex/hyperref/pd1enc.def
File: pd1enc.def 2012/11/06 v6.83m Hyperref: PDFDocEncoding definition (HO)
)
\Hy@SavedSpaceFactor=\count130

(/usr/local/texlive/2015/texmf-dist/tex/latex/latexconfig/hyperref.cfg
File: hyperref.cfg 2002/06/06 v1.2 hyperref configuration of TeXLive
)

Package hyperref Warning: XeTeX driver only supports unicode.
(hyperref)                Enabling option `unicode'.

Package hyperref Info: Option `unicode' set `true' on input line 4319.
(/usr/local/texlive/2015/texmf-dist/tex/latex/hyperref/puenc.def
File: puenc.def 2012/11/06 v6.83m Hyperref: PDF Unicode definition (HO)
)
Package hyperref Info: Option `colorlinks' set `true' on input line 4319.
Package hyperref Info: Hyper figures OFF on input line 4443.
Package hyperref Info: Link nesting OFF on input line 4448.
Package hyperref Info: Hyper index ON on input line 4451.
Package hyperref Info: Plain pages OFF on input line 4458.
Package hyperref Info: Backreferencing OFF on input line 4463.
Package hyperref Info: Implicit mode ON; LaTeX internals redefined.
Package hyperref Info: Bookmarks ON on input line 4688.
\c@Hy@tempcnt=\count131

(/usr/local/texlive/2015/texmf-dist/tex/latex/url/url.sty
\Urlmuskip=\muskip16
Package: url 2013/09/16  ver 3.4  Verb mode for urls, etc.
)
LaTeX Info: Redefining \url on input line 5041.
\XeTeXLinkMargin=\dimen144
\Fld@menulength=\count132
\Field@Width=\dimen145
\Fld@charsize=\dimen146
Package hyperref Info: Hyper figures OFF on input line 6295.
Package hyperref Info: Link nesting OFF on input line 6300.
Package hyperref Info: Hyper index ON on input line 6303.
Package hyperref Info: backreferencing OFF on input line 6310.
Package hyperref Info: Link coloring ON on input line 6313.
Package hyperref Info: Link coloring with OCG OFF on input line 6320.
Package hyperref Info: PDF/A mode OFF on input line 6325.
LaTeX Info: Redefining \ref on input line 6365.
LaTeX Info: Redefining \pageref on input line 6369.
\Hy@abspage=\count133
\c@Item=\count134
\c@Hfootnote=\count135
)

Package hyperref Message: Driver (autodetected): hxetex.

(/usr/local/texlive/2015/texmf-dist/tex/latex/hyperref/hxetex.def
File: hxetex.def 2012/11/06 v6.83m Hyperref driver for XeTeX

(/usr/local/texlive/2015/texmf-dist/tex/generic/oberdiek/stringenc.sty
Package: stringenc 2011/12/02 v1.10 Convert strings between diff. encodings (HO
)
)
\pdfm@box=\box42
\c@Hy@AnnotLevel=\count136
\HyField@AnnotCount=\count137
\Fld@listcount=\count138
\c@bookmark@seq@number=\count139

(/usr/local/texlive/2015/texmf-dist/tex/latex/oberdiek/rerunfilecheck.sty
Package: rerunfilecheck 2011/04/15 v1.7 Rerun checks for auxiliary files (HO)
Package rerunfilecheck Info: Feature \pdfmdfivesum is not available
(rerunfilecheck)             (e.g. pdfTeX or LuaTeX with package `pdftexcmds').

(rerunfilecheck)             Therefore file contents cannot be checked efficien
tly
(rerunfilecheck)             and the loading of the package is aborted.
)
\Hy@SectionHShift=\skip52
)
(/usr/local/texlive/2015/texmf-dist/tex/latex/anysize/anysize.sty
Package: anysize 1994/08/13 setting margin sizes

document style option `anysize' loaded
Michael Salzenberg, Thomas Esser, Dirk Hillbrecht
Version 1.0, Aug 13, 1994
\@Leftmargin=\dimen147
\@Rightmargin=\dimen148
\@Topmargin=\dimen149
\@Bottommargin=\dimen150
) (/usr/local/texlive/2015/texmf-dist/tex/latex/fancyhdr/fancyhdr.sty
\fancy@headwidth=\skip53
\f@ncyO@elh=\skip54
\f@ncyO@erh=\skip55
\f@ncyO@olh=\skip56
\f@ncyO@orh=\skip57
\f@ncyO@elf=\skip58
\f@ncyO@erf=\skip59
\f@ncyO@olf=\skip60
\f@ncyO@orf=\skip61
)
\g__file_internal_ior=\read1
.................................................
. fontspec info: "set-scale"
. 
. Lato Light scale = 0.8663301047104361.
.................................................
.................................................
. fontspec info: "set-scale"
. 
. Lato Light scale = 0.8663301047104361.
.................................................
\g__fontspec_family_LatoLight_int=\count140
.................................................
. fontspec info: "set-scale"
. 
. Lato Light scale = 0.8663301047104361.
.................................................
.................................................
. fontspec info: "set-scale"
. 
. Lato Light scale = 0.8663301047104361.
.................................................
.................................................
. fontspec info: "set-scale"
. 
. Lato Light/B scale = 0.8401546698393813.
.................................................
.................................................
. fontspec info: "set-scale"
. 
. Lato Light/B scale = 0.8401546698393813.
.................................................
.................................................
. fontspec info: "set-scale"
. 
. Lato Light/I scale = 0.8663301047104361.
.................................................
.................................................
. fontspec info: "set-scale"
. 
. Lato Light/I scale = 0.8663301047104361.
.................................................
.................................................
. fontspec info: "set-scale"
. 
. Lato Light/BI scale = 0.8401546698393813.
.................................................
.................................................
. fontspec info: "set-scale"
. 
. Lato Light/BI scale = 0.8401546698393813.
.................................................
.................................................
. fontspec info: "defining-font"
. 
. Font family 'LatoLight(0)' created for font 'Lato Light' with options
. [Scale=MatchLowercase,Ligatures=TeX,Scale=MatchLowercase].
. 
. This font family consists of the following shapes:
. 
. * 'normal' with NFSS spec.:
. <->s*[0.8663301047104361]"Lato
. Light/OT:script=latn;language=DFLT;mapping=tex-text;"
. 
. * 'small caps' with NFSS spec.:
. 
. and font adjustment code:
. 
. 
. * 'bold' with NFSS spec.:
. <->s*[0.8401546698393813]"Lato
. Light/B/OT:script=latn;language=DFLT;mapping=tex-text;"
. 
. * 'bold small caps' with NFSS spec.:
. 
. and font adjustment code:
. 
. 
. * 'italic' with NFSS spec.:
. <->s*[0.8663301047104361]"Lato
. Light/I/OT:script=latn;language=DFLT;mapping=tex-text;"
. 
. * 'small caps' with NFSS spec.:
. 
. and font adjustment code:
. 
. 
. * 'bold italic' with NFSS spec.:
. <->s*[0.8401546698393813]"Lato
. Light/BI/OT:script=latn;language=DFLT;mapping=tex-text;"
. 
. * 'bold small caps' with NFSS spec.:
. 
. and font adjustment code:
. 
.................................................
\symDigits:m:n=\mathgroup4
LaTeX Font Info:    Font shape `EU1/LatoLight(0)/m/n' will be
(Font)              scaled to size 8.66333pt on input line 32.
.................................................
. fontspec info: "set-scale"
. 
. Lato Light scale = 0.8663301047104361.
.................................................
.................................................
. fontspec info: "set-scale"
. 
. Lato Light scale = 0.8663301047104361.
.................................................
\symLatin:m:n=\mathgroup5
\symLatin:m:it=\mathgroup6
.................................................
. fontspec info: "set-scale"
. 
. Lato Light scale = 0.8663301047104361.
.................................................
.................................................
. fontspec info: "set-scale"
. 
. Lato Light scale = 0.8663301047104361.
.................................................
\symGreek:m:n=\mathgroup7
\symGreek:m:it=\mathgroup8
.................................................
. fontspec info: "set-scale"
. 
. Lato Light scale = 0.8663301047104361.
.................................................
.................................................
. fontspec info: "set-scale"
. 
. Lato Light scale = 0.8663301047104361.
.................................................
LaTeX Font Info:    Font shape `EU1/LatoLight(0)/m/n' will be
(Font)              scaled to size 10.396pt on input line 33.
.................................................
. fontspec info: "set-scale"
. 
. Lato scale = 0.8509369163101765.
.................................................
.................................................
. fontspec info: "set-scale"
. 
. Lato Light/I scale = 0.8663301047104361.
.................................................
.................................................
. fontspec info: "set-scale"
. 
. Lato Italic scale = 0.8509369163101765.
.................................................
.................................................
. fontspec info: "defining-font"
. 
. Font family 'LatoLight(1)' created for font 'Lato Light' with options
. [Scale=MatchLowercase,Ligatures=TeX,Ligatures=TeX,BoldFont={Lato},BoldItalicF
ont={Lato
. Italic}].
. 
. This font family consists of the following shapes:
. 
. * 'normal' with NFSS spec.:
. <->s*[0.8663301047104361]"Lato
. Light/OT:script=latn;language=DFLT;mapping=tex-text;mapping=tex-text;"
. 
. * 'small caps' with NFSS spec.:
. 
. and font adjustment code:
. 
. 
. * 'bold' with NFSS spec.:
. 
. <->s*[0.8509369163101765]"Lato/OT:script=latn;language=DFLT;mapping=tex-text;
mapping=tex-text;"
. 
. * 'bold small caps' with NFSS spec.:
. 
. and font adjustment code:
. 
. 
. * 'italic' with NFSS spec.:
. <->s*[0.8663301047104361]"Lato
. Light/I/OT:script=latn;language=DFLT;mapping=tex-text;mapping=tex-text;"
. 
. * 'small caps' with NFSS spec.:
. 
. and font adjustment code:
. 
. 
. * 'bold italic' with NFSS spec.:
. <->s*[0.8509369163101765]"Lato
. Italic/OT:script=latn;language=DFLT;mapping=tex-text;mapping=tex-text;"
. 
. * 'bold small caps' with NFSS spec.:
. 
. and font adjustment code:
. 
.................................................
LaTeX Font Info:    Font shape `EU1/LatoLight(1)/m/n' will be
(Font)              scaled to size 8.66333pt on input line 33.
.................................................
. fontspec info: "set-scale"
. 
. Lato scale = 0.8509399289028137.
.................................................
\g__fontspec_family_Lato_int=\count141
.................................................
. fontspec info: "set-scale"
. 
. Lato scale = 0.8509399289028137.
.................................................
LaTeX Font Info:    Font shape `EU1/LatoLight(1)/m/n' will be
(Font)              scaled to size 10.396pt on input line 34.
.................................................
. fontspec info: "set-scale"
. 
. Lato/B scale = 0.8401576442593693.
.................................................
.................................................
. fontspec info: "set-scale"
. 
. Lato/I scale = 0.8509399289028137.
.................................................
.................................................
. fontspec info: "set-scale"
. 
. Lato/BI scale = 0.8401576442593693.
.................................................
.................................................
. fontspec info: "defining-font"
. 
. Font family 'Lato(0)' created for font 'Lato' with options
. [Scale=MatchLowercase,Ligatures=TeX,Ligatures=TeX].
. 
. This font family consists of the following shapes:
. 
. * 'normal' with NFSS spec.:
. 
. <->s*[0.8509399289028137]"Lato/OT:script=latn;language=DFLT;mapping=tex-text;
mapping=tex-text;"
. 
. * 'small caps' with NFSS spec.:
. 
. and font adjustment code:
. 
. 
. * 'bold' with NFSS spec.:
. 
. <->s*[0.8401576442593693]"Lato/B/OT:script=latn;language=DFLT;mapping=tex-tex
t;mapping=tex-text;"
. 
. * 'bold small caps' with NFSS spec.:
. 
. and font adjustment code:
. 
. 
. * 'italic' with NFSS spec.:
. 
. <->s*[0.8509399289028137]"Lato/I/OT:script=latn;language=DFLT;mapping=tex-tex
t;mapping=tex-text;"
. 
. * 'small caps' with NFSS spec.:
. 
. and font adjustment code:
. 
. 
. * 'bold italic' with NFSS spec.:
. 
. <->s*[0.8401576442593693]"Lato/BI/OT:script=latn;language=DFLT;mapping=tex-te
xt;mapping=tex-text;"
. 
. * 'bold small caps' with NFSS spec.:
. 
. and font adjustment code:
. 
.................................................
.................................................
. fontspec info: "no-scripts"
. 
. Font Jura does not contain any OpenType `Script' information.
.................................................
.................................................
. fontspec info: "set-scale"
. 
. Jura scale = 0.9609543509175403.
.................................................
\g__fontspec_family_Jura_int=\count142
.................................................
. fontspec info: "no-font-shape"
. 
. Could not resolve font Jura/I (it probably doesn't exist).
.................................................
.................................................
. fontspec info: "set-scale"
. 
. Jura scale = 0.9609543509175403.
.................................................
.................................................
. fontspec info: "set-scale"
. 
. Jura/B scale = 0.9609543509175403.
.................................................
.................................................
. fontspec info: "set-scale"
. 
. Jura/BI scale = 0.9609543509175403.
.................................................
.................................................
. fontspec info: "defining-font"
. 
. Font family 'Jura(0)' created for font 'Jura' with options
. [Scale=MatchLowercase,Ligatures=TeX,WordSpace={1,0,0},PunctuationSpace=WordSp
ace].
. 
. This font family consists of the following shapes:
. 
. * 'normal' with NFSS spec.:
. <->s*[0.9609543509175403]"Jura/AAT:mapping=tex-text;"
. 
. * 'small caps' with NFSS spec.:
. 
. and font adjustment code:
. \fontdimen 2\font =1\fontdimen 2\font \fontdimen 3\font =0\fontdimen 3\font
. \fontdimen 4\font =0\fontdimen 4\font \fontdimen 7\font =0\fontdimen 2\font 
. 
. * 'bold' with NFSS spec.:
. <->s*[0.9609543509175403]"Jura/B/AAT:mapping=tex-text;"
. 
. * 'bold small caps' with NFSS spec.:
. 
. and font adjustment code:
. \fontdimen 2\font =1\fontdimen 2\font \fontdimen 3\font =0\fontdimen 3\font
. \fontdimen 4\font =0\fontdimen 4\font \fontdimen 7\font =0\fontdimen 2\font 
. 
. * 'bold italic' with NFSS spec.:
. <->s*[0.9609543509175403]"Jura/BI/AAT:mapping=tex-text;"
. 
. * 'bold small caps' with NFSS spec.:
. 
. and font adjustment code:
. \fontdimen 2\font =1\fontdimen 2\font \fontdimen 3\font =0\fontdimen 3\font
. \fontdimen 4\font =0\fontdimen 4\font \fontdimen 7\font =0\fontdimen 2\font 
.................................................

(./contributed.aux)
\openout1 = `contributed.aux'.

LaTeX Font Info:    Checking defaults for OML/cmm/m/it on input line 41.
LaTeX Font Info:    ... okay on input line 41.
LaTeX Font Info:    Checking defaults for T1/cmr/m/n on input line 41.
LaTeX Font Info:    ... okay on input line 41.
LaTeX Font Info:    Checking defaults for OT1/cmr/m/n on input line 41.
LaTeX Font Info:    ... okay on input line 41.
LaTeX Font Info:    Checking defaults for OMS/cmsy/m/n on input line 41.
LaTeX Font Info:    ... okay on input line 41.
LaTeX Font Info:    Checking defaults for OMX/cmex/m/n on input line 41.
LaTeX Font Info:    ... okay on input line 41.
LaTeX Font Info:    Checking defaults for U/cmr/m/n on input line 41.
LaTeX Font Info:    ... okay on input line 41.
LaTeX Font Info:    Checking defaults for EU1/lmr/m/n on input line 41.
LaTeX Font Info:    ... okay on input line 41.
LaTeX Font Info:    Checking defaults for T3/cmr/m/n on input line 41.
LaTeX Font Info:    Try loading font information for T3+cmr on input line 41.
 (/usr/local/texlive/2015/texmf-dist/tex/latex/tipa/t3cmr.fd
File: t3cmr.fd 2001/12/31 TIPA font definitions
)
LaTeX Font Info:    ... okay on input line 41.
LaTeX Font Info:    Checking defaults for PD1/pdf/m/n on input line 41.
LaTeX Font Info:    ... okay on input line 41.
LaTeX Font Info:    Checking defaults for PU/pdf/m/n on input line 41.
LaTeX Font Info:    ... okay on input line 41.
\AtBeginShipoutBox=\box43
Package hyperref Info: Link coloring ON on input line 41.
 (/usr/local/texlive/2015/texmf-dist/tex/latex/hyperref/nameref.sty
Package: nameref 2012/10/27 v2.43 Cross-referencing by name of section

(/usr/local/texlive/2015/texmf-dist/tex/generic/oberdiek/gettitlestring.sty
Package: gettitlestring 2010/12/03 v1.4 Cleanup title references (HO)
)
\c@section@level=\count143
)
LaTeX Info: Redefining \ref on input line 41.
LaTeX Info: Redefining \pageref on input line 41.
LaTeX Info: Redefining \nameref on input line 41.

(./contributed.out) (./contributed.out)
\@outlinefile=\write3
\openout3 = `contributed.out'.

LaTeX Font Info:    Font shape `EU1/LatoLight(1)/m/n' will be
(Font)              scaled to size 14.97023pt on input line 43.
LaTeX Font Info:    Font shape `EU1/LatoLight(1)/bx/n' will be
(Font)              scaled to size 14.70418pt on input line 43.
.................................................
. fontspec info: "set-scale"
. 
. Lato Bold scale = 0.8401571485227047.
.................................................
\g__fontspec_family_LatoBold_int=\count144
.................................................
. fontspec info: "set-scale"
. 
. Lato Bold scale = 0.8401571485227047.
.................................................
.................................................
. fontspec info: "set-scale"
. 
. Lato Bold/B scale = 0.8312459382242223.
.................................................
.................................................
. fontspec info: "set-scale"
. 
. Lato Bold/I scale = 0.8401571485227047.
.................................................
.................................................
. fontspec info: "set-scale"
. 
. Lato Bold/BI scale = 0.8312459382242223.
.................................................
.................................................
. fontspec info: "defining-font"
. 
. Font family 'LatoBold(0)' created for font 'Lato Bold' with options
. [Scale=MatchLowercase,Ligatures=TeX].
. 
. This font family consists of the following shapes:
. 
. * 'normal' with NFSS spec.:
. <->s*[0.8401571485227047]"Lato
. Bold/OT:script=latn;language=DFLT;mapping=tex-text;"
. 
. * 'small caps' with NFSS spec.:
. 
. and font adjustment code:
. 
. 
. * 'bold' with NFSS spec.:
. <->s*[0.8312459382242223]"Lato
. Bold/B/OT:script=latn;language=DFLT;mapping=tex-text;"
. 
. * 'bold small caps' with NFSS spec.:
. 
. and font adjustment code:
. 
. 
. * 'italic' with NFSS spec.:
. <->s*[0.8401571485227047]"Lato
. Bold/I/OT:script=latn;language=DFLT;mapping=tex-text;"
. 
. * 'small caps' with NFSS spec.:
. 
. and font adjustment code:
. 
. 
. * 'bold italic' with NFSS spec.:
. <->s*[0.8312459382242223]"Lato
. Bold/BI/OT:script=latn;language=DFLT;mapping=tex-text;"
. 
. * 'bold small caps' with NFSS spec.:
. 
. and font adjustment code:
. 
.................................................
LaTeX Font Info:    Font shape `EU1/LatoBold(0)/m/n' will be
(Font)              scaled to size 10.08197pt on input line 48.
.................................................
. fontspec info: "set-scale"
. 
. Lato Italic scale = 0.8509394268040408.
.................................................
\g__fontspec_family_LatoItalic_int=\count145
.................................................
. fontspec info: "set-scale"
. 
. Lato Italic scale = 0.8509394268040408.
.................................................
.................................................
. fontspec info: "set-scale"
. 
. Lato Italic/B scale = 0.8401571485227047.
.................................................
.................................................
. fontspec info: "set-scale"
. 
. Lato Italic/I scale = 0.8509394268040408.
.................................................
.................................................
. fontspec info: "set-scale"
. 
. Lato Italic/BI scale = 0.8401571485227047.
.................................................
.................................................
. fontspec info: "defining-font"
. 
. Font family 'LatoItalic(0)' created for font 'Lato Italic' with options
. [Scale=MatchLowercase,Ligatures=TeX].
. 
. This font family consists of the following shapes:
. 
. * 'normal' with NFSS spec.:
. <->s*[0.8509394268040408]"Lato
. Italic/OT:script=latn;language=DFLT;mapping=tex-text;"
. 
. * 'small caps' with NFSS spec.:
. 
. and font adjustment code:
. 
. 
. * 'bold' with NFSS spec.:
. <->s*[0.8401571485227047]"Lato
. Italic/B/OT:script=latn;language=DFLT;mapping=tex-text;"
. 
. * 'bold small caps' with NFSS spec.:
. 
. and font adjustment code:
. 
. 
. * 'italic' with NFSS spec.:
. <->s*[0.8509394268040408]"Lato
. Italic/I/OT:script=latn;language=DFLT;mapping=tex-text;"
. 
. * 'small caps' with NFSS spec.:
. 
. and font adjustment code:
. 
. 
. * 'bold italic' with NFSS spec.:
. <->s*[0.8401571485227047]"Lato
. Italic/BI/OT:script=latn;language=DFLT;mapping=tex-text;"
. 
. * 'bold small caps' with NFSS spec.:
. 
. and font adjustment code:
. 
.................................................
LaTeX Font Info:    Font shape `EU1/LatoItalic(0)/m/n' will be
(Font)              scaled to size 10.21124pt on input line 48.
.................................................
. fontspec info: "set-scale"
. 
. Lato Bold scale = 0.8401571485227047.
.................................................
.................................................
. fontspec info: "set-scale"
. 
. Lato Italic scale = 0.8509394268040408.
.................................................
.................................................
. fontspec info: "set-scale"
. 
. Lato Bold scale = 0.8401571485227047.
.................................................
.................................................
. fontspec info: "set-scale"
. 
. Lato Italic scale = 0.8509394268040408.
.................................................
.................................................
. fontspec info: "set-scale"
. 
. Lato Bold scale = 0.8401571485227047.
.................................................
.................................................
. fontspec info: "set-scale"
. 
. Lato Italic scale = 0.8509394268040408.
.................................................
.................................................
. fontspec info: "set-scale"
. 
. Lato Bold scale = 0.8401571485227047.
.................................................
.................................................
. fontspec info: "set-scale"
. 
. Lato Italic scale = 0.8509394268040408.
.................................................
.................................................
. fontspec info: "set-scale"
. 
. Lato Bold scale = 0.8401571485227047.
.................................................
.................................................
. fontspec info: "set-scale"
. 
. Lato Italic scale = 0.8509394268040408.
.................................................
.................................................
. fontspec info: "set-scale"
. 
. Lato Bold scale = 0.8401571485227047.
.................................................
.................................................
. fontspec info: "set-scale"
. 
. Lato Italic scale = 0.8509394268040408.
.................................................
.................................................
. fontspec info: "set-scale"
. 
. Lato Bold scale = 0.8401571485227047.
.................................................
.................................................
. fontspec info: "set-scale"
. 
. Lato Italic scale = 0.8509394268040408.
.................................................
.................................................
. fontspec info: "set-scale"
. 
. Lato Bold scale = 0.8401571485227047.
.................................................
.................................................
. fontspec info: "set-scale"
. 
. Lato Italic scale = 0.8509394268040408.
.................................................
.................................................
. fontspec info: "set-scale"
. 
. Lato Bold scale = 0.8401571485227047.
.................................................
.................................................
. fontspec info: "set-scale"
. 
. Lato Italic scale = 0.8509394268040408.
.................................................
.................................................
. fontspec info: "set-scale"
. 
. Lato Bold scale = 0.8401571485227047.
.................................................
.................................................
. fontspec info: "set-scale"
. 
. Lato Italic scale = 0.8509394268040408.
.................................................
.................................................
. fontspec info: "set-scale"
. 
. Lato Bold scale = 0.8401571485227047.
.................................................
.................................................
. fontspec info: "set-scale"
. 
. Lato Italic scale = 0.8509394268040408.
.................................................
.................................................
. fontspec info: "set-scale"
. 
. Lato Bold scale = 0.8401571485227047.
.................................................
.................................................
. fontspec info: "set-scale"
. 
. Lato Italic scale = 0.8509394268040408.
.................................................
.................................................
. fontspec info: "set-scale"
. 
. Lato Bold scale = 0.8401571485227047.
.................................................
.................................................
. fontspec info: "set-scale"
. 
. Lato Italic scale = 0.8509394268040408.
.................................................
.................................................
. fontspec info: "set-scale"
. 
. Lato Bold scale = 0.8401571485227047.
.................................................
.................................................
. fontspec info: "set-scale"
. 
. Lato Italic scale = 0.8509394268040408.
.................................................

Overfull \hbox (1.81216pt too wide) in paragraph at lines 83--84
[]\EU1/LatoBold(0)/m/n/12 Joshua MacEachern (University of British Columbia), \
EU1/LatoItalic(0)/m/n/12 The Canadian galactic emission mapper (CGEM): An 8-10G
Hz North-
 []

.................................................
. fontspec info: "set-scale"
. 
. Lato Bold scale = 0.8401571485227047.
.................................................
.................................................
. fontspec info: "set-scale"
. 
. Lato Italic scale = 0.8509394268040408.
.................................................
.................................................
. fontspec info: "set-scale"
. 
. Lato Bold scale = 0.8401571485227047.
.................................................
.................................................
. fontspec info: "set-scale"
. 
. Lato Italic scale = 0.8509394268040408.
.................................................
.................................................
. fontspec info: "set-scale"
. 
. Lato Bold scale = 0.8401571485227047.
.................................................
.................................................
. fontspec info: "set-scale"
. 
. Lato Italic scale = 0.8509394268040408.
.................................................
.................................................
. fontspec info: "set-scale"
. 
. Lato Bold scale = 0.8401571485227047.
.................................................
.................................................
. fontspec info: "set-scale"
. 
. Lato Italic scale = 0.8509394268040408.
.................................................
.................................................
. fontspec info: "set-scale"
. 
. Lato Bold scale = 0.8401571485227047.
.................................................
.................................................
. fontspec info: "set-scale"
. 
. Lato Italic scale = 0.8509394268040408.
.................................................
.................................................
. fontspec info: "set-scale"
. 
. Lato Bold scale = 0.8401571485227047.
.................................................
.................................................
. fontspec info: "set-scale"
. 
. Lato Italic scale = 0.8509394268040408.
.................................................
.................................................
. fontspec info: "set-scale"
. 
. Lato Bold scale = 0.8401571485227047.
.................................................
.................................................
. fontspec info: "set-scale"
. 
. Lato Italic scale = 0.8509394268040408.
.................................................
.................................................
. fontspec info: "set-scale"
. 
. Lato Bold scale = 0.8401571485227047.
.................................................
.................................................
. fontspec info: "set-scale"
. 
. Lato Italic scale = 0.8509394268040408.
.................................................
.................................................
. fontspec info: "set-scale"
. 
. Lato Bold scale = 0.8401571485227047.
.................................................
.................................................
. fontspec info: "set-scale"
. 
. Lato Italic scale = 0.8509394268040408.
.................................................
.................................................
. fontspec info: "set-scale"
. 
. Lato Bold scale = 0.8401571485227047.
.................................................
.................................................
. fontspec info: "set-scale"
. 
. Lato Italic scale = 0.8509394268040408.
.................................................
.................................................
. fontspec info: "set-scale"
. 
. Lato Bold scale = 0.8401571485227047.
.................................................
.................................................
. fontspec info: "set-scale"
. 
. Lato Italic scale = 0.8509394268040408.
.................................................
.................................................
. fontspec info: "set-scale"
. 
. Cinzel scale = 0.7100514492085703.
.................................................
\g__fontspec_family_Cinzel_int=\count146
.................................................
. fontspec info: "no-font-shape"
. 
. Could not resolve font Cinzel/I (it probably doesn't exist).
.................................................
.................................................
. fontspec info: "set-scale"
. 
. Cinzel scale = 0.7100514492085703.
.................................................
.................................................
. fontspec info: "set-scale"
. 
. Cinzel/B scale = 0.7042506066952561.
.................................................
.................................................
. fontspec info: "set-scale"
. 
. Cinzel/BI scale = 0.7042506066952561.
.................................................
.................................................
. fontspec info: "defining-font"
. 
. Font family 'Cinzel(0)' created for font 'Cinzel' with options
. [Scale=MatchLowercase,Ligatures=TeX].
. 
. This font family consists of the following shapes:
. 
. * 'normal' with NFSS spec.:
. 
. <->s*[0.7100514492085703]"Cinzel/OT:script=latn;language=DFLT;mapping=tex-tex
t;"
. 
. * 'small caps' with NFSS spec.:
. 
. and font adjustment code:
. 
. 
. * 'bold' with NFSS spec.:
. 
. <->s*[0.7042506066952561]"Cinzel/B/OT:script=latn;language=DFLT;mapping=tex-t
ext;"
. 
. * 'bold small caps' with NFSS spec.:
. 
. and font adjustment code:
. 
. 
. * 'bold italic' with NFSS spec.:
. 
. <->s*[0.7042506066952561]"Cinzel/BI/OT:script=latn;language=DFLT;mapping=tex-
text;"
. 
. * 'bold small caps' with NFSS spec.:
. 
. and font adjustment code:
. 
.................................................
LaTeX Font Info:    Font shape `EU1/Cinzel(0)/m/n' will be
(Font)              scaled to size 8.52063pt on input line 115.
LaTeX Font Info:    Font shape `EU1/Cinzel(0)/m/n' will be
(Font)              scaled to size 17.6661pt on input line 115.
.................................................
. fontspec info: "set-scale"
. 
. Lato Light Italic scale = 0.8663335463258785.
.................................................
\g__fontspec_family_LatoLightItalic_int=\count147
.................................................
. fontspec info: "set-scale"
. 
. Lato Light Italic scale = 0.8663335463258785.
.................................................
.................................................
. fontspec info: "set-scale"
. 
. Lato Light Italic/B scale = 0.8401571485227047.
.................................................
.................................................
. fontspec info: "set-scale"
. 
. Lato Light Italic/I scale = 0.8663335463258785.
.................................................
.................................................
. fontspec info: "set-scale"
. 
. Lato Light Italic/BI scale = 0.8401571485227047.
.................................................
.................................................
. fontspec info: "defining-font"
. 
. Font family 'LatoLightItalic(0)' created for font 'Lato Light Italic' with
. options [Scale=MatchLowercase,Ligatures=TeX].
. 
. This font family consists of the following shapes:
. 
. * 'normal' with NFSS spec.:
. <->s*[0.8663335463258785]"Lato Light
. Italic/OT:script=latn;language=DFLT;mapping=tex-text;"
. 
. * 'small caps' with NFSS spec.:
. 
. and font adjustment code:
. 
. 
. * 'bold' with NFSS spec.:
. <->s*[0.8401571485227047]"Lato Light
. Italic/B/OT:script=latn;language=DFLT;mapping=tex-text;"
. 
. * 'bold small caps' with NFSS spec.:
. 
. and font adjustment code:
. 
. 
. * 'italic' with NFSS spec.:
. <->s*[0.8663335463258785]"Lato Light
. Italic/I/OT:script=latn;language=DFLT;mapping=tex-text;"
. 
. * 'small caps' with NFSS spec.:
. 
. and font adjustment code:
. 
. 
. * 'bold italic' with NFSS spec.:
. <->s*[0.8401571485227047]"Lato Light
. Italic/BI/OT:script=latn;language=DFLT;mapping=tex-text;"
. 
. * 'bold small caps' with NFSS spec.:
. 
. and font adjustment code:
. 
.................................................
LaTeX Font Info:    Font shape `EU1/LatoLightItalic(0)/m/n' will be
(Font)              scaled to size 10.396pt on input line 115.
LaTeX Font Info:    Font shape `EU1/LatoLightItalic(0)/m/n' will be
(Font)              scaled to size 14.97023pt on input line 115.
[1

]
.................................................
. fontspec info: "set-scale"
. 
. Lato Bold scale = 0.8401571485227047.
.................................................
.................................................
. fontspec info: "set-scale"
. 
. Lato Italic scale = 0.8509394268040408.
.................................................
.................................................
. fontspec info: "set-scale"
. 
. Lato Bold scale = 0.8401571485227047.
.................................................
.................................................
. fontspec info: "set-scale"
. 
. Lato Italic scale = 0.8509394268040408.
.................................................
.................................................
. fontspec info: "set-scale"
. 
. Lato Bold scale = 0.8401571485227047.
.................................................
.................................................
. fontspec info: "set-scale"
. 
. Lato Italic scale = 0.8509394268040408.
.................................................
.................................................
. fontspec info: "set-scale"
. 
. Lato Bold scale = 0.8401571485227047.
.................................................
.................................................
. fontspec info: "set-scale"
. 
. Lato Italic scale = 0.8509394268040408.
.................................................
.................................................
. fontspec info: "set-scale"
. 
. Lato Bold scale = 0.8401571485227047.
.................................................
.................................................
. fontspec info: "set-scale"
. 
. Lato Italic scale = 0.8509394268040408.
.................................................
.................................................
. fontspec info: "set-scale"
. 
. Lato Bold scale = 0.8401571485227047.
.................................................
.................................................
. fontspec info: "set-scale"
. 
. Lato Italic scale = 0.8509394268040408.
.................................................
.................................................
. fontspec info: "set-scale"
. 
. Lato Bold scale = 0.8401571485227047.
.................................................
.................................................
. fontspec info: "set-scale"
. 
. Lato Italic scale = 0.8509394268040408.
.................................................
.................................................
. fontspec info: "set-scale"
. 
. Lato Bold scale = 0.8401571485227047.
.................................................
.................................................
. fontspec info: "set-scale"
. 
. Lato Italic scale = 0.8509394268040408.
.................................................
.................................................
. fontspec info: "set-scale"
. 
. Lato Bold scale = 0.8401571485227047.
.................................................
.................................................
. fontspec info: "set-scale"
. 
. Lato Italic scale = 0.8509394268040408.
.................................................
.................................................
. fontspec info: "set-scale"
. 
. Lato Bold scale = 0.8401571485227047.
.................................................
.................................................
. fontspec info: "set-scale"
. 
. Lato Italic scale = 0.8509394268040408.
.................................................
Package atveryend Info: Empty hook `BeforeClearDocument' on input line 136.
.................................................
. fontspec info: "set-scale"
. 
. Cinzel scale = 0.7100514492085703.
.................................................
.................................................
. fontspec info: "set-scale"
. 
. Lato Light Italic scale = 0.8663335463258785.
.................................................
 [2]
Package atveryend Info: Empty hook `AfterLastShipout' on input line 136.
 (./contributed.aux)
Package atveryend Info: Empty hook `AtVeryEndDocument' on input line 136.
Package atveryend Info: Empty hook `AtEndAfterFileList' on input line 136.
 ) 
Here is how much of TeX's memory you used:
 22039 strings out of 493706
 408861 string characters out of 6145769
 460711 words of memory out of 5000000
 25169 multiletter control sequences out of 15000+600000
 4642 words of font info for 59 fonts, out of 8000000 for 9000
 1328 hyphenation exceptions out of 8191
 58i,11n,119p,10474b,549s stack positions out of 5000i,500n,10000p,200000b,80000s

Output written on contributed.pdf (2 pages).
